Using pre-set license
Built from '2020.3/staging' branch; Version is '2020.3.18f1 (a7d1c678663c) revision 10998214'; Using compiler version '192528614'; Build Type 'Release'
OS: 'Windows 10 Home; OS build 19042.1348; Version 2009; 64bit' Language: 'es' Physical Memory: 16303 MB
BatchMode: 1, IsHumanControllingUs: 0, StartBugReporterOnCrash: 0, Is64bit: 1, IsPro: 0

COMMAND LINE ARGUMENTS:
C:\Program Files\Unity\Hub\Editor\2020.3.18f1\Editor\Unity.exe
-adb2
-batchMode
-noUpm
-name
AssetImportWorker0
-projectPath
D:/github/GameJam5/GameJam5
-logFile
Logs/AssetImportWorker0.log
-srvPort
58407
Successfully changed project path to: D:/github/GameJam5/GameJam5
D:/github/GameJam5/GameJam5
Using Asset Import Pipeline V2.
Refreshing native plugins compatible for Editor in 234.89 ms, found 2 plugins.
Preloading 0 native plugins for Editor in 0.00 ms.
Initialize engine version: 2020.3.18f1 (a7d1c678663c)
[Subsystems] Discovering subsystems at path C:/Program Files/Unity/Hub/Editor/2020.3.18f1/Editor/Data/Resources/UnitySubsystems
[Subsystems] Discovering subsystems at path D:/github/GameJam5/GameJam5/Assets
GfxDevice: creating device client; threaded=0
Direct3D:
    Version:  Direct3D 11.0 [level 11.1]
    Renderer: NVIDIA GeForce GTX 1050 (ID=0x1c8d)
    Vendor:   
    VRAM:     4021 MB
    Driver:   30.0.14.9709
Initialize mono
Mono path[0] = 'C:/Program Files/Unity/Hub/Editor/2020.3.18f1/Editor/Data/Managed'
Mono path[1] = 'C:/Program Files/Unity/Hub/Editor/2020.3.18f1/Editor/Data/MonoBleedingEdge/lib/mono/unityjit'
Mono config path = 'C:/Program Files/Unity/Hub/Editor/2020.3.18f1/Editor/Data/MonoBleedingEdge/etc'
Using monoOptions --debugger-agent=transport=dt_socket,embedding=1,server=y,suspend=n,address=127.0.0.1:56096
Begin MonoManager ReloadAssembly
Registering precompiled unity dll's ...
Register platform support module: C:/Program Files/Unity/Hub/Editor/2020.3.18f1/Editor/Data/PlaybackEngines/WebGLSupport/UnityEditor.WebGL.Extensions.dll
Register platform support module: C:/Program Files/Unity/Hub/Editor/2020.3.18f1/Editor/Data/PlaybackEngines/WindowsStandaloneSupport/UnityEditor.WindowsStandalone.Extensions.dll
Registered in 0.039903 seconds.
Native extension for WindowsStandalone target not found
Native extension for WebGL target not found
Refreshing native plugins compatible for Editor in 168.34 ms, found 2 plugins.
Preloading 0 native plugins for Editor in 0.00 ms.
Mono: successfully reloaded assembly
- Completed reload, in  5.279 seconds
Domain Reload Profiling:
	ReloadAssembly (5280ms)
		BeginReloadAssembly (249ms)
			ExecutionOrderSort (0ms)
			DisableScriptedObjects (0ms)
			BackupInstance (0ms)
			ReleaseScriptingObjects (0ms)
			CreateAndSetChildDomain (2ms)
		EndReloadAssembly (2318ms)
			LoadAssemblies (246ms)
			RebuildTransferFunctionScriptingTraits (1ms)
			SetupTypeCache (1366ms)
			ReleaseScriptCaches (0ms)
			RebuildScriptCaches (76ms)
			SetupLoadedEditorAssemblies (498ms)
				LogAssemblyErrors (0ms)
				InitializePlatformSupportModulesInManaged (15ms)
				SetLoadedEditorAssemblies (1ms)
				RefreshPlugins (169ms)
				BeforeProcessingInitializeOnLoad (44ms)
				ProcessInitializeOnLoadAttributes (199ms)
				ProcessInitializeOnLoadMethodAttributes (70ms)
				AfterProcessingInitializeOnLoad (0ms)
				EditorAssembliesLoaded (0ms)
			ExecutionOrderSort2 (0ms)
			AwakeInstancesAfterBackupRestoration (0ms)
Platform modules already initialized, skipping
Registering precompiled user dll's ...
Registered in 0.011599 seconds.
Begin MonoManager ReloadAssembly
Native extension for WindowsStandalone target not found
Native extension for WebGL target not found
Refreshing native plugins compatible for Editor in 298.56 ms, found 2 plugins.
Preloading 0 native plugins for Editor in 0.00 ms.
Mono: successfully reloaded assembly
- Completed reload, in  6.976 seconds
Domain Reload Profiling:
	ReloadAssembly (6979ms)
		BeginReloadAssembly (858ms)
			ExecutionOrderSort (0ms)
			DisableScriptedObjects (22ms)
			BackupInstance (0ms)
			ReleaseScriptingObjects (0ms)
			CreateAndSetChildDomain (67ms)
		EndReloadAssembly (5819ms)
			LoadAssemblies (430ms)
			RebuildTransferFunctionScriptingTraits (0ms)
			SetupTypeCache (1910ms)
			ReleaseScriptCaches (2ms)
			RebuildScriptCaches (401ms)
			SetupLoadedEditorAssemblies (1698ms)
				LogAssemblyErrors (0ms)
				InitializePlatformSupportModulesInManaged (24ms)
				SetLoadedEditorAssemblies (1ms)
				RefreshPlugins (299ms)
				BeforeProcessingInitializeOnLoad (488ms)
				ProcessInitializeOnLoadAttributes (842ms)
				ProcessInitializeOnLoadMethodAttributes (21ms)
				AfterProcessingInitializeOnLoad (23ms)
				EditorAssembliesLoaded (1ms)
			ExecutionOrderSort2 (0ms)
			AwakeInstancesAfterBackupRestoration (18ms)
Platform modules already initialized, skipping
========================================================================
Worker process is ready to serve import requests
Launched and connected shader compiler UnityShaderCompiler.exe after 0.19 seconds
Refreshing native plugins compatible for Editor in 1.60 ms, found 2 plugins.
Preloading 0 native plugins for Editor in 0.00 ms.
Unloading 2969 Unused Serialized files (Serialized files now loaded: 0)
System memory in use before: 134.2 MB.
System memory in use after: 134.4 MB.

Unloading 22 unused Assets to reduce memory usage. Loaded Objects now: 3410.
Total: 58.276000 ms (FindLiveObjects: 33.739300 ms CreateObjectMapping: 0.657200 ms MarkObjects: 23.658000 ms  DeleteObjects: 0.217300 ms)

AssetImportParameters requested are different than current active one (requested -> active):
  custom:framework-win-MediaFoundation: 216162199b28c13a410421893ffa2e32 -> 
  custom:video-decoder-ogg-theora: a1e56fd34408186e4bbccfd4996cb3dc -> 
  custom:container-muxer-webm: aa71ff27fc2769a1b78a27578f13a17b -> 
  custom:container-demuxer-webm: 4f35f7cbe854078d1ac9338744f61a02 -> 
  custom:container-demuxer-ogg: 62fdf1f143b41e24485cea50d1cbac27 -> 
  custom:video-encoder-webm-vp8: eb34c28f22e8b96e1ab97ce403110664 -> 
  custom:video-codec-MediaFoundation-h265: 746d11721c4dcdbdad8f713fa42b33f4 -> 
  custom:video-decoder-webm-vp8: 9c59270c3fd7afecdb556c50c9e8de78 -> 
  custom:audio-decoder-ogg-vorbis: bf7c407c2cedff20999df2af8eb42d56 -> 
  custom:audio-encoder-webm-vorbis: bf7c407c2cedff20999df2af8eb42d56 -> 
========================================================================
Received Import Request.
  path: Assets/Prefabs/BackGrounds/mainMenu/Skybox.png
  artifactKey: Guid(fb8ed453e16d0a14d99c55b1739607d8) Importer(815301076,1909f56bfc062723c751e8b465ee728b)
Start importing Assets/Prefabs/BackGrounds/mainMenu/Skybox.png using Guid(fb8ed453e16d0a14d99c55b1739607d8) Importer(815301076,1909f56bfc062723c751e8b465ee728b)  -> (artifact id: 'aa3b571ad29859e9acb7bb3aaae78fe8') in 0.757743 seconds 
  Import took 0.987065 seconds .

========================================================================
Received Import Request.
  Time since last request: 0.000673 seconds.
  path: Assets/Prefabs/BackGrounds/mainMenu
  artifactKey: Guid(146669e1efa57494dab3cdad39eaa4d4) Importer(815301076,1909f56bfc062723c751e8b465ee728b)
Start importing Assets/Prefabs/BackGrounds/mainMenu using Guid(146669e1efa57494dab3cdad39eaa4d4) Importer(815301076,1909f56bfc062723c751e8b465ee728b)  -> (artifact id: '4a193bb78fe22f7dd308b937570c2746') in 0.003358 seconds 
  Import took 0.066471 seconds .

========================================================================
Received Import Request.
  Time since last request: 26.456511 seconds.
  path: Assets/Prefabs/BackGrounds/mainMenu/Skybox.png
  artifactKey: Guid(fb8ed453e16d0a14d99c55b1739607d8) Importer(815301076,1909f56bfc062723c751e8b465ee728b)
Start importing Assets/Prefabs/BackGrounds/mainMenu/Skybox.png using Guid(fb8ed453e16d0a14d99c55b1739607d8) Importer(815301076,1909f56bfc062723c751e8b465ee728b)  -> (artifact id: 'd649f1c6ec879021d6d8d006dddd5c8f') in 0.229438 seconds 
  Import took 0.327579 seconds .

========================================================================
Received Import Request.
  Time since last request: 8.396647 seconds.
  path: Assets/Prefabs/BackGrounds/mainMenu/skyboxMaterial.mat
  artifactKey: Guid(8ced211d66de709449f3ddfa75cc8a88) Importer(815301076,1909f56bfc062723c751e8b465ee728b)
Start importing Assets/Prefabs/BackGrounds/mainMenu/skyboxMaterial.mat using Guid(8ced211d66de709449f3ddfa75cc8a88) Importer(815301076,1909f56bfc062723c751e8b465ee728b)  -> (artifact id: '594a6dbb5e81d1f2092a0f7740a9cb6d') in 0.412804 seconds 
  Import took 0.478424 seconds .

========================================================================
Received Import Request.
  Time since last request: 64.418559 seconds.
  path: Assets/Prefabs/BackGrounds/mainMenu/skyboxMaterial.mat
  artifactKey: Guid(8ced211d66de709449f3ddfa75cc8a88) Importer(815301076,1909f56bfc062723c751e8b465ee728b)
Start importing Assets/Prefabs/BackGrounds/mainMenu/skyboxMaterial.mat using Guid(8ced211d66de709449f3ddfa75cc8a88) Importer(815301076,1909f56bfc062723c751e8b465ee728b)  -> (artifact id: '3c661558c669d15c23f041f66de4708e') in 0.076569 seconds 
  Import took 0.104536 seconds .

========================================================================
Received Import Request.
  Time since last request: 124.427478 seconds.
  path: Assets/TextMesh Pro/Resources/Fonts & Materials/LiberationSans SDF.asset
  artifactKey: Guid(8f586378b4e144a9851e7b34d9b748ee) Importer(815301076,1909f56bfc062723c751e8b465ee728b)
Start importing Assets/TextMesh Pro/Resources/Fonts & Materials/LiberationSans SDF.asset using Guid(8f586378b4e144a9851e7b34d9b748ee) Importer(815301076,1909f56bfc062723c751e8b465ee728b)  -> (artifact id: '1086c45db6b08dcccce6d79d94e9dad1') in 0.198200 seconds 
  Import took 0.230035 seconds .

========================================================================
Received Import Request.
  Time since last request: 0.000607 seconds.
  path: Assets/Prefabs/fonts/NeonSans SDF.asset
  artifactKey: Guid(7413263179cdc7c498962fad4fdb1dc9) Importer(815301076,1909f56bfc062723c751e8b465ee728b)
Start importing Assets/Prefabs/fonts/NeonSans SDF.asset using Guid(7413263179cdc7c498962fad4fdb1dc9) Importer(815301076,1909f56bfc062723c751e8b465ee728b)  -> (artifact id: 'a3fa3503f22bb419ea614c3233fdb90a') in 0.070382 seconds 
  Import took 0.082618 seconds .

========================================================================
Received Import Request.
  Time since last request: 0.000620 seconds.
  path: Assets/TextMesh Pro/Resources/Fonts & Materials/LiberationSans SDF - Fallback.asset
  artifactKey: Guid(2e498d1c8094910479dc3e1b768306a4) Importer(815301076,1909f56bfc062723c751e8b465ee728b)
Start importing Assets/TextMesh Pro/Resources/Fonts & Materials/LiberationSans SDF - Fallback.asset using Guid(2e498d1c8094910479dc3e1b768306a4) Importer(815301076,1909f56bfc062723c751e8b465ee728b)  -> (artifact id: '99bc742907ac7fb12ea8add2d3c32955') in 0.035542 seconds 
  Import took 0.065259 seconds .

========================================================================
Received Import Request.
  Time since last request: 0.000569 seconds.
  path: Assets/TextMesh Pro/Resources/Fonts & Materials/LiberationSans SDF.asset
  artifactKey: Guid(8f586378b4e144a9851e7b34d9b748ee) Importer(815301076,1909f56bfc062723c751e8b465ee728b)
Start importing Assets/TextMesh Pro/Resources/Fonts & Materials/LiberationSans SDF.asset using Guid(8f586378b4e144a9851e7b34d9b748ee) Importer(815301076,1909f56bfc062723c751e8b465ee728b)  -> (artifact id: '1086c45db6b08dcccce6d79d94e9dad1') in 0.090273 seconds 
  Import took 0.101974 seconds .

AssetImportWorkerClient::OnTransportError - code=2 error=End of file
